<?xml version="1.0" encoding="UTF-8"?>
<!-- Generated by org.testng.reporters.JUnitReportReporter -->
<testsuite hostname="Indresh-Raja" failures="0" tests="1" name="practice.ContactTest" time="8.880" errors="0" timestamp="2025-06-26T13:18:54 IST" skipped="0">
  <testcase classname="practice.ContactTest" name="createContactTest" time="8.880"/>
</testsuite> <!-- practice.ContactTest -->
