<?xml version="1.0" encoding="UTF-8"?>
<!-- Generated by org.testng.reporters.JUnitReportReporter -->
<testsuite hostname="Indresh-Raja" failures="0" tests="1" name="practice.OrgTest" time="0.013" errors="0" timestamp="2025-06-23T12:00:32 IST" skipped="0">
  <testcase classname="practice.OrgTest" name="createOrgTest" time="0.013"/>
</testsuite> <!-- practice.OrgTest -->
